2023-02-13 00:03:42.512  INFO 20528 --- [File Watcher] rtingClassPathChangeChangedEventListener : Restarting due to 1 class path change (0 additions, 1 deletion, 0 modifications)
2023-02-13 00:03:42.533  INFO 20528 --- [Thread-23] o.apache.catalina.core.StandardService   : Stopping service [Tomcat]
2023-02-13 00:03:42.538  INFO 20528 --- [Thread-23] j.LocalContainerEntityManagerFactoryBean : Closing JPA EntityManagerFactory for persistence unit 'default'
2023-02-13 00:03:42.538  INFO 20528 --- [Thread-23] com.zaxxer.hikari.HikariDataSource       : HikariPool-6 - Shutdown initiated...
2023-02-13 00:03:42.540  INFO 20528 --- [Thread-23] com.zaxxer.hikari.HikariDataSource       : HikariPool-6 - Shutdown completed.
2023-02-13 00:03:42.626  INFO 20528 --- [restartedMain] com.mohit.blog.BlogAppApiApplication     : Starting BlogAppApiApplication using Java 17.0.4 on MohitSindhpure with PID 20528 (G:\classbikkad\MiniProjectClass\blog-app-api\target\classes started by hp in G:\classbikkad\MiniProjectClass\blog-app-api)
2023-02-13 00:03:42.626  INFO 20528 --- [restartedMain] com.mohit.blog.BlogAppApiApplication     : No active profile set, falling back to 1 default profile: "default"
2023-02-13 00:03:42.903  INFO 20528 --- [restartedMain] .s.d.r.c.RepositoryConfigurationDelegate : Bootstrapping Spring Data JPA repositories in DEFAULT mode.
2023-02-13 00:03:42.928  INFO 20528 --- [restartedMain] .s.d.r.c.RepositoryConfigurationDelegate : Finished Spring Data repository scanning in 24 ms. Found 3 JPA repository interfaces.
2023-02-13 00:03:43.039  INFO 20528 --- [restartedMain] o.s.b.w.embedded.tomcat.TomcatWebServer  : Tomcat initialized with port(s): 9090 (http)
2023-02-13 00:03:43.040  INFO 20528 --- [restartedMain] o.apache.catalina.core.StandardService   : Starting service [Tomcat]
2023-02-13 00:03:43.040  INFO 20528 --- [restartedMain] org.apache.catalina.core.StandardEngine  : Starting Servlet engine: [Apache Tomcat/9.0.70]
2023-02-13 00:03:43.082  INFO 20528 --- [restartedMain] o.a.c.c.C.[Tomcat].[localhost].[/]       : Initializing Spring embedded WebApplicationContext
2023-02-13 00:03:43.082  INFO 20528 --- [restartedMain] w.s.c.ServletWebServerApplicationContext : Root WebApplicationContext: initialization completed in 454 ms
2023-02-13 00:03:43.116  INFO 20528 --- [restartedMain] o.hibernate.jpa.internal.util.LogHelper  : HHH000204: Processing PersistenceUnitInfo [name: default]
2023-02-13 00:03:43.121  INFO 20528 --- [restartedMain] com.zaxxer.hikari.HikariDataSource       : HikariPool-7 - Starting...
2023-02-13 00:03:43.232  INFO 20528 --- [restartedMain] com.zaxxer.hikari.HikariDataSource       : HikariPool-7 - Start completed.
2023-02-13 00:03:43.233  INFO 20528 --- [restartedMain] org.hibernate.dialect.Dialect            : HHH000400: Using dialect: org.hibernate.dialect.MySQL5InnoDBDialect
2023-02-13 00:03:43.749  INFO 20528 --- [restartedMain] o.h.e.t.j.p.i.JtaPlatformInitiator       : HHH000490: Using JtaPlatform implementation: [org.hibernate.engine.transaction.jta.platform.internal.NoJtaPlatform]
2023-02-13 00:03:43.750  INFO 20528 --- [restartedMain] j.LocalContainerEntityManagerFactoryBean : Initialized JPA EntityManagerFactory for persistence unit 'default'
2023-02-13 00:03:44.032  WARN 20528 --- [restartedMain] JpaBaseConfiguration$JpaWebConfiguration : spring.jpa.open-in-view is enabled by default. Therefore, database queries may be performed during view rendering. Explicitly configure spring.jpa.open-in-view to disable this warning
2023-02-13 00:03:44.122  INFO 20528 --- [restartedMain] o.s.b.d.a.OptionalLiveReloadServer       : LiveReload server is running on port 35729
2023-02-13 00:03:44.231  INFO 20528 --- [restartedMain] o.s.b.w.embedded.tomcat.TomcatWebServer  : Tomcat started on port(s): 9090 (http) with context path ''
2023-02-13 00:03:44.232  INFO 20528 --- [restartedMain] d.s.w.p.DocumentationPluginsBootstrapper : Context refreshed
2023-02-13 00:03:44.233  INFO 20528 --- [restartedMain] d.s.w.p.DocumentationPluginsBootstrapper : Found 1 custom documentation plugin(s)
2023-02-13 00:03:44.237  INFO 20528 --- [restartedMain] s.d.s.w.s.ApiListingReferenceScanner     : Scanning for api listing references
2023-02-13 00:03:44.344  INFO 20528 --- [restartedMain] com.mohit.blog.BlogAppApiApplication     : Started BlogAppApiApplication in 1.748 seconds (JVM running for 1300.465)
2023-02-13 00:03:44.346  INFO 20528 --- [restartedMain] .ConditionEvaluationDeltaLoggingListener : Condition evaluation unchanged
2023-02-13 00:04:38.547  INFO 20528 --- [File Watcher] rtingClassPathChangeChangedEventListener : Restarting due to 1 class path change (1 addition, 0 deletions, 0 modifications)
2023-02-13 00:04:38.569  INFO 20528 --- [Thread-27] o.apache.catalina.core.StandardService   : Stopping service [Tomcat]
2023-02-13 00:04:38.576  INFO 20528 --- [Thread-27] j.LocalContainerEntityManagerFactoryBean : Closing JPA EntityManagerFactory for persistence unit 'default'
2023-02-13 00:04:38.577  INFO 20528 --- [Thread-27] com.zaxxer.hikari.HikariDataSource       : HikariPool-7 - Shutdown initiated...
2023-02-13 00:04:38.580  INFO 20528 --- [Thread-27] com.zaxxer.hikari.HikariDataSource       : HikariPool-7 - Shutdown completed.
2023-02-13 00:04:38.661  INFO 20528 --- [restartedMain] com.mohit.blog.BlogAppApiApplication     : Starting BlogAppApiApplication using Java 17.0.4 on MohitSindhpure with PID 20528 (G:\classbikkad\MiniProjectClass\blog-app-api\target\classes started by hp in G:\classbikkad\MiniProjectClass\blog-app-api)
2023-02-13 00:04:38.661  INFO 20528 --- [restartedMain] com.mohit.blog.BlogAppApiApplication     : No active profile set, falling back to 1 default profile: "default"
2023-02-13 00:04:38.977  INFO 20528 --- [restartedMain] .s.d.r.c.RepositoryConfigurationDelegate : Bootstrapping Spring Data JPA repositories in DEFAULT mode.
2023-02-13 00:04:39.010  INFO 20528 --- [restartedMain] .s.d.r.c.RepositoryConfigurationDelegate : Finished Spring Data repository scanning in 32 ms. Found 3 JPA repository interfaces.
2023-02-13 00:04:39.184  INFO 20528 --- [restartedMain] o.s.b.w.embedded.tomcat.TomcatWebServer  : Tomcat initialized with port(s): 9090 (http)
2023-02-13 00:04:39.185  INFO 20528 --- [restartedMain] o.apache.catalina.core.StandardService   : Starting service [Tomcat]
2023-02-13 00:04:39.185  INFO 20528 --- [restartedMain] org.apache.catalina.core.StandardEngine  : Starting Servlet engine: [Apache Tomcat/9.0.70]
2023-02-13 00:04:40.677  INFO 20528 --- [restartedMain] o.a.c.c.C.[Tomcat].[localhost].[/]       : Initializing Spring embedded WebApplicationContext
2023-02-13 00:04:40.677  INFO 20528 --- [restartedMain] w.s.c.ServletWebServerApplicationContext : Root WebApplicationContext: initialization completed in 2014 ms
2023-02-13 00:04:40.736  INFO 20528 --- [restartedMain] o.hibernate.jpa.internal.util.LogHelper  : HHH000204: Processing PersistenceUnitInfo [name: default]
2023-02-13 00:04:40.743  INFO 20528 --- [restartedMain] com.zaxxer.hikari.HikariDataSource       : HikariPool-8 - Starting...
2023-02-13 00:04:40.786  INFO 20528 --- [restartedMain] com.zaxxer.hikari.HikariDataSource       : HikariPool-8 - Start completed.
2023-02-13 00:04:40.787  INFO 20528 --- [restartedMain] org.hibernate.dialect.Dialect            : HHH000400: Using dialect: org.hibernate.dialect.MySQL5InnoDBDialect
2023-02-13 00:04:41.327  INFO 20528 --- [restartedMain] o.h.e.t.j.p.i.JtaPlatformInitiator       : HHH000490: Using JtaPlatform implementation: [org.hibernate.engine.transaction.jta.platform.internal.NoJtaPlatform]
2023-02-13 00:04:41.327  INFO 20528 --- [restartedMain] j.LocalContainerEntityManagerFactoryBean : Initialized JPA EntityManagerFactory for persistence unit 'default'
2023-02-13 00:04:41.538  WARN 20528 --- [restartedMain] JpaBaseConfiguration$JpaWebConfiguration : spring.jpa.open-in-view is enabled by default. Therefore, database queries may be performed during view rendering. Explicitly configure spring.jpa.open-in-view to disable this warning
2023-02-13 00:04:41.614  INFO 20528 --- [restartedMain] o.s.b.d.a.OptionalLiveReloadServer       : LiveReload server is running on port 35729
2023-02-13 00:04:41.663  INFO 20528 --- [restartedMain] o.s.b.w.embedded.tomcat.TomcatWebServer  : Tomcat started on port(s): 9090 (http) with context path ''
2023-02-13 00:04:41.663  INFO 20528 --- [restartedMain] d.s.w.p.DocumentationPluginsBootstrapper : Context refreshed
2023-02-13 00:04:41.664  INFO 20528 --- [restartedMain] d.s.w.p.DocumentationPluginsBootstrapper : Found 1 custom documentation plugin(s)
2023-02-13 00:04:41.667  INFO 20528 --- [restartedMain] s.d.s.w.s.ApiListingReferenceScanner     : Scanning for api listing references
2023-02-13 00:04:41.726  INFO 20528 --- [restartedMain] com.mohit.blog.BlogAppApiApplication     : Started BlogAppApiApplication in 3.09 seconds (JVM running for 1357.846)
2023-02-13 00:04:41.727  INFO 20528 --- [restartedMain] .ConditionEvaluationDeltaLoggingListener : Condition evaluation unchanged
2023-02-13 00:08:21.336  INFO 20528 --- [File Watcher] rtingClassPathChangeChangedEventListener : Restarting due to 1 class path change (0 additions, 0 deletions, 1 modification)
2023-02-13 00:08:21.355  INFO 20528 --- [Thread-31] o.apache.catalina.core.StandardService   : Stopping service [Tomcat]
2023-02-13 00:08:21.359  INFO 20528 --- [Thread-31] j.LocalContainerEntityManagerFactoryBean : Closing JPA EntityManagerFactory for persistence unit 'default'
2023-02-13 00:08:21.360  INFO 20528 --- [Thread-31] com.zaxxer.hikari.HikariDataSource       : HikariPool-8 - Shutdown initiated...
2023-02-13 00:08:21.362  INFO 20528 --- [Thread-31] com.zaxxer.hikari.HikariDataSource       : HikariPool-8 - Shutdown completed.
2023-02-13 00:08:21.451  INFO 20528 --- [restartedMain] com.mohit.blog.BlogAppApiApplication     : Starting BlogAppApiApplication using Java 17.0.4 on MohitSindhpure with PID 20528 (G:\classbikkad\MiniProjectClass\blog-app-api\target\classes started by hp in G:\classbikkad\MiniProjectClass\blog-app-api)
2023-02-13 00:08:21.451  INFO 20528 --- [restartedMain] com.mohit.blog.BlogAppApiApplication     : No active profile set, falling back to 1 default profile: "default"
2023-02-13 00:08:21.708  INFO 20528 --- [restartedMain] .s.d.r.c.RepositoryConfigurationDelegate : Bootstrapping Spring Data JPA repositories in DEFAULT mode.
2023-02-13 00:08:21.725  INFO 20528 --- [restartedMain] .s.d.r.c.RepositoryConfigurationDelegate : Finished Spring Data repository scanning in 16 ms. Found 3 JPA repository interfaces.
2023-02-13 00:08:21.803  INFO 20528 --- [restartedMain] o.s.b.w.embedded.tomcat.TomcatWebServer  : Tomcat initialized with port(s): 9090 (http)
2023-02-13 00:08:21.803  INFO 20528 --- [restartedMain] o.apache.catalina.core.StandardService   : Starting service [Tomcat]
2023-02-13 00:08:21.804  INFO 20528 --- [restartedMain] org.apache.catalina.core.StandardEngine  : Starting Servlet engine: [Apache Tomcat/9.0.70]
2023-02-13 00:08:21.924  INFO 20528 --- [restartedMain] o.a.c.c.C.[Tomcat].[localhost].[/]       : Initializing Spring embedded WebApplicationContext
2023-02-13 00:08:21.924  INFO 20528 --- [restartedMain] w.s.c.ServletWebServerApplicationContext : Root WebApplicationContext: initialization completed in 470 ms
2023-02-13 00:08:21.959  INFO 20528 --- [restartedMain] o.hibernate.jpa.internal.util.LogHelper  : HHH000204: Processing PersistenceUnitInfo [name: default]
2023-02-13 00:08:21.963  INFO 20528 --- [restartedMain] com.zaxxer.hikari.HikariDataSource       : HikariPool-9 - Starting...
2023-02-13 00:08:21.968  INFO 20528 --- [restartedMain] com.zaxxer.hikari.HikariDataSource       : HikariPool-9 - Start completed.
2023-02-13 00:08:21.968  INFO 20528 --- [restartedMain] org.hibernate.dialect.Dialect            : HHH000400: Using dialect: org.hibernate.dialect.MySQL5InnoDBDialect
2023-02-13 00:08:22.467  INFO 20528 --- [restartedMain] o.h.e.t.j.p.i.JtaPlatformInitiator       : HHH000490: Using JtaPlatform implementation: [org.hibernate.engine.transaction.jta.platform.internal.NoJtaPlatform]
2023-02-13 00:08:22.468  INFO 20528 --- [restartedMain] j.LocalContainerEntityManagerFactoryBean : Initialized JPA EntityManagerFactory for persistence unit 'default'
2023-02-13 00:08:22.662  WARN 20528 --- [restartedMain] JpaBaseConfiguration$JpaWebConfiguration : spring.jpa.open-in-view is enabled by default. Therefore, database queries may be performed during view rendering. Explicitly configure spring.jpa.open-in-view to disable this warning
2023-02-13 00:08:22.731  INFO 20528 --- [restartedMain] o.s.b.d.a.OptionalLiveReloadServer       : LiveReload server is running on port 35729
2023-02-13 00:08:22.782  INFO 20528 --- [restartedMain] o.s.b.w.embedded.tomcat.TomcatWebServer  : Tomcat started on port(s): 9090 (http) with context path ''
2023-02-13 00:08:22.782  INFO 20528 --- [restartedMain] d.s.w.p.DocumentationPluginsBootstrapper : Context refreshed
2023-02-13 00:08:22.783  INFO 20528 --- [restartedMain] d.s.w.p.DocumentationPluginsBootstrapper : Found 1 custom documentation plugin(s)
2023-02-13 00:08:22.786  INFO 20528 --- [restartedMain] s.d.s.w.s.ApiListingReferenceScanner     : Scanning for api listing references
2023-02-13 00:08:22.862  INFO 20528 --- [restartedMain] com.mohit.blog.BlogAppApiApplication     : Started BlogAppApiApplication in 1.441 seconds (JVM running for 1578.983)
2023-02-13 00:08:22.863  INFO 20528 --- [restartedMain] .ConditionEvaluationDeltaLoggingListener : Condition evaluation unchanged
2023-02-13 00:08:47.714  INFO 20528 --- [File Watcher] rtingClassPathChangeChangedEventListener : Restarting due to 1 class path change (0 additions, 0 deletions, 1 modification)
2023-02-13 00:08:47.734  INFO 20528 --- [Thread-35] o.apache.catalina.core.StandardService   : Stopping service [Tomcat]
2023-02-13 00:08:47.741  INFO 20528 --- [Thread-35] j.LocalContainerEntityManagerFactoryBean : Closing JPA EntityManagerFactory for persistence unit 'default'
2023-02-13 00:08:47.742  INFO 20528 --- [Thread-35] com.zaxxer.hikari.HikariDataSource       : HikariPool-9 - Shutdown initiated...
2023-02-13 00:08:47.747  INFO 20528 --- [Thread-35] com.zaxxer.hikari.HikariDataSource       : HikariPool-9 - Shutdown completed.
2023-02-13 00:08:47.858  INFO 20528 --- [restartedMain] com.mohit.blog.BlogAppApiApplication     : Starting BlogAppApiApplication using Java 17.0.4 on MohitSindhpure with PID 20528 (G:\classbikkad\MiniProjectClass\blog-app-api\target\classes started by hp in G:\classbikkad\MiniProjectClass\blog-app-api)
2023-02-13 00:08:47.858  INFO 20528 --- [restartedMain] com.mohit.blog.BlogAppApiApplication     : No active profile set, falling back to 1 default profile: "default"
2023-02-13 00:08:48.199  INFO 20528 --- [restartedMain] .s.d.r.c.RepositoryConfigurationDelegate : Bootstrapping Spring Data JPA repositories in DEFAULT mode.
2023-02-13 00:08:48.221  INFO 20528 --- [restartedMain] .s.d.r.c.RepositoryConfigurationDelegate : Finished Spring Data repository scanning in 20 ms. Found 3 JPA repository interfaces.
2023-02-13 00:08:48.353  INFO 20528 --- [restartedMain] o.s.b.w.embedded.tomcat.TomcatWebServer  : Tomcat initialized with port(s): 9090 (http)
2023-02-13 00:08:48.355  INFO 20528 --- [restartedMain] o.apache.catalina.core.StandardService   : Starting service [Tomcat]
2023-02-13 00:08:48.355  INFO 20528 --- [restartedMain] org.apache.catalina.core.StandardEngine  : Starting Servlet engine: [Apache Tomcat/9.0.70]
2023-02-13 00:08:48.376  INFO 20528 --- [restartedMain] o.a.c.c.C.[Tomcat].[localhost].[/]       : Initializing Spring embedded WebApplicationContext
2023-02-13 00:08:48.376  INFO 20528 --- [restartedMain] w.s.c.ServletWebServerApplicationContext : Root WebApplicationContext: initialization completed in 516 ms
2023-02-13 00:08:48.407  INFO 20528 --- [restartedMain] o.hibernate.jpa.internal.util.LogHelper  : HHH000204: Processing PersistenceUnitInfo [name: default]
2023-02-13 00:08:48.411  INFO 20528 --- [restartedMain] com.zaxxer.hikari.HikariDataSource       : HikariPool-10 - Starting...
2023-02-13 00:08:48.415  INFO 20528 --- [restartedMain] com.zaxxer.hikari.HikariDataSource       : HikariPool-10 - Start completed.
2023-02-13 00:08:48.416  INFO 20528 --- [restartedMain] org.hibernate.dialect.Dialect            : HHH000400: Using dialect: org.hibernate.dialect.MySQL5InnoDBDialect
2023-02-13 00:08:48.475  INFO 20528 --- [restartedMain] o.h.e.t.j.p.i.JtaPlatformInitiator       : HHH000490: Using JtaPlatform implementation: [org.hibernate.engine.transaction.jta.platform.internal.NoJtaPlatform]
2023-02-13 00:08:48.475  INFO 20528 --- [restartedMain] j.LocalContainerEntityManagerFactoryBean : Initialized JPA EntityManagerFactory for persistence unit 'default'
2023-02-13 00:08:48.617  WARN 20528 --- [restartedMain] JpaBaseConfiguration$JpaWebConfiguration : spring.jpa.open-in-view is enabled by default. Therefore, database queries may be performed during view rendering. Explicitly configure spring.jpa.open-in-view to disable this warning
2023-02-13 00:08:48.702  INFO 20528 --- [restartedMain] o.s.b.d.a.OptionalLiveReloadServer       : LiveReload server is running on port 35729
2023-02-13 00:08:48.793  INFO 20528 --- [restartedMain] o.s.b.w.embedded.tomcat.TomcatWebServer  : Tomcat started on port(s): 9090 (http) with context path ''
2023-02-13 00:08:48.794  INFO 20528 --- [restartedMain] d.s.w.p.DocumentationPluginsBootstrapper : Context refreshed
2023-02-13 00:08:48.795  INFO 20528 --- [restartedMain] d.s.w.p.DocumentationPluginsBootstrapper : Found 1 custom documentation plugin(s)
2023-02-13 00:08:48.798  INFO 20528 --- [restartedMain] s.d.s.w.s.ApiListingReferenceScanner     : Scanning for api listing references
2023-02-13 00:08:48.869  INFO 20528 --- [restartedMain] com.mohit.blog.BlogAppApiApplication     : Started BlogAppApiApplication in 1.044 seconds (JVM running for 1604.989)
2023-02-13 00:08:48.870  INFO 20528 --- [restartedMain] .ConditionEvaluationDeltaLoggingListener : Condition evaluation unchanged
2023-02-13 00:10:23.784  INFO 20528 --- [File Watcher] rtingClassPathChangeChangedEventListener : Restarting due to 3 class path changes (1 addition, 1 deletion, 1 modification)
2023-02-13 00:10:23.805  INFO 20528 --- [Thread-39] o.apache.catalina.core.StandardService   : Stopping service [Tomcat]
2023-02-13 00:10:23.813  INFO 20528 --- [Thread-39] j.LocalContainerEntityManagerFactoryBean : Closing JPA EntityManagerFactory for persistence unit 'default'
2023-02-13 00:10:23.814  INFO 20528 --- [Thread-39] com.zaxxer.hikari.HikariDataSource       : HikariPool-10 - Shutdown initiated...
2023-02-13 00:10:23.817  INFO 20528 --- [Thread-39] com.zaxxer.hikari.HikariDataSource       : HikariPool-10 - Shutdown completed.
2023-02-13 00:10:23.918  INFO 20528 --- [restartedMain] com.mohit.blog.BlogAppApiApplication     : Starting BlogAppApiApplication using Java 17.0.4 on MohitSindhpure with PID 20528 (G:\classbikkad\MiniProjectClass\blog-app-api\target\classes started by hp in G:\classbikkad\MiniProjectClass\blog-app-api)
2023-02-13 00:10:23.918  INFO 20528 --- [restartedMain] com.mohit.blog.BlogAppApiApplication     : No active profile set, falling back to 1 default profile: "default"
2023-02-13 00:10:24.226  INFO 20528 --- [restartedMain] .s.d.r.c.RepositoryConfigurationDelegate : Bootstrapping Spring Data JPA repositories in DEFAULT mode.
2023-02-13 00:10:24.252  INFO 20528 --- [restartedMain] .s.d.r.c.RepositoryConfigurationDelegate : Finished Spring Data repository scanning in 25 ms. Found 3 JPA repository interfaces.
2023-02-13 00:10:24.359  INFO 20528 --- [restartedMain] o.s.b.w.embedded.tomcat.TomcatWebServer  : Tomcat initialized with port(s): 9090 (http)
2023-02-13 00:10:24.360  INFO 20528 --- [restartedMain] o.apache.catalina.core.StandardService   : Starting service [Tomcat]
2023-02-13 00:10:24.360  INFO 20528 --- [restartedMain] org.apache.catalina.core.StandardEngine  : Starting Servlet engine: [Apache Tomcat/9.0.70]
2023-02-13 00:10:24.407  INFO 20528 --- [restartedMain] o.a.c.c.C.[Tomcat].[localhost].[/]       : Initializing Spring embedded WebApplicationContext
2023-02-13 00:10:24.407  INFO 20528 --- [restartedMain] w.s.c.ServletWebServerApplicationContext : Root WebApplicationContext: initialization completed in 486 ms
2023-02-13 00:10:24.438  INFO 20528 --- [restartedMain] o.hibernate.jpa.internal.util.LogHelper  : HHH000204: Processing PersistenceUnitInfo [name: default]
2023-02-13 00:10:24.442  INFO 20528 --- [restartedMain] com.zaxxer.hikari.HikariDataSource       : HikariPool-11 - Starting...
2023-02-13 00:10:24.457  INFO 20528 --- [restartedMain] com.zaxxer.hikari.HikariDataSource       : HikariPool-11 - Start completed.
2023-02-13 00:10:24.458  INFO 20528 --- [restartedMain] org.hibernate.dialect.Dialect            : HHH000400: Using dialect: org.hibernate.dialect.MySQL5InnoDBDialect
2023-02-13 00:10:24.537  INFO 20528 --- [restartedMain] o.h.e.t.j.p.i.JtaPlatformInitiator       : HHH000490: Using JtaPlatform implementation: [org.hibernate.engine.transaction.jta.platform.internal.NoJtaPlatform]
2023-02-13 00:10:24.537  INFO 20528 --- [restartedMain] j.LocalContainerEntityManagerFactoryBean : Initialized JPA EntityManagerFactory for persistence unit 'default'
2023-02-13 00:10:24.705  WARN 20528 --- [restartedMain] JpaBaseConfiguration$JpaWebConfiguration : spring.jpa.open-in-view is enabled by default. Therefore, database queries may be performed during view rendering. Explicitly configure spring.jpa.open-in-view to disable this warning
2023-02-13 00:10:24.763  INFO 20528 --- [restartedMain] o.s.b.d.a.OptionalLiveReloadServer       : LiveReload server is running on port 35729
2023-02-13 00:10:24.819  INFO 20528 --- [restartedMain] o.s.b.w.embedded.tomcat.TomcatWebServer  : Tomcat started on port(s): 9090 (http) with context path ''
2023-02-13 00:10:24.819  INFO 20528 --- [restartedMain] d.s.w.p.DocumentationPluginsBootstrapper : Context refreshed
2023-02-13 00:10:24.820  INFO 20528 --- [restartedMain] d.s.w.p.DocumentationPluginsBootstrapper : Found 1 custom documentation plugin(s)
2023-02-13 00:10:24.822  INFO 20528 --- [restartedMain] s.d.s.w.s.ApiListingReferenceScanner     : Scanning for api listing references
2023-02-13 00:10:24.924  INFO 20528 --- [restartedMain] com.mohit.blog.BlogAppApiApplication     : Started BlogAppApiApplication in 1.038 seconds (JVM running for 1701.045)
2023-02-13 00:10:24.926  INFO 20528 --- [restartedMain] .ConditionEvaluationDeltaLoggingListener : Condition evaluation unchanged
2023-02-13 00:10:51.851  INFO 20528 --- [File Watcher] rtingClassPathChangeChangedEventListener : Restarting due to 1 class path change (0 additions, 0 deletions, 1 modification)
2023-02-13 00:10:51.897  INFO 20528 --- [Thread-43] o.apache.catalina.core.StandardService   : Stopping service [Tomcat]
2023-02-13 00:10:51.907  INFO 20528 --- [Thread-43] j.LocalContainerEntityManagerFactoryBean : Closing JPA EntityManagerFactory for persistence unit 'default'
2023-02-13 00:10:51.908  INFO 20528 --- [Thread-43] com.zaxxer.hikari.HikariDataSource       : HikariPool-11 - Shutdown initiated...
2023-02-13 00:10:51.911  INFO 20528 --- [Thread-43] com.zaxxer.hikari.HikariDataSource       : HikariPool-11 - Shutdown completed.
2023-02-13 00:10:52.051  INFO 20528 --- [restartedMain] com.mohit.blog.BlogAppApiApplication     : Starting BlogAppApiApplication using Java 17.0.4 on MohitSindhpure with PID 20528 (G:\classbikkad\MiniProjectClass\blog-app-api\target\classes started by hp in G:\classbikkad\MiniProjectClass\blog-app-api)
2023-02-13 00:10:52.051  INFO 20528 --- [restartedMain] com.mohit.blog.BlogAppApiApplication     : No active profile set, falling back to 1 default profile: "default"
2023-02-13 00:10:52.429  INFO 20528 --- [restartedMain] .s.d.r.c.RepositoryConfigurationDelegate : Bootstrapping Spring Data JPA repositories in DEFAULT mode.
2023-02-13 00:10:52.458  INFO 20528 --- [restartedMain] .s.d.r.c.RepositoryConfigurationDelegate : Finished Spring Data repository scanning in 29 ms. Found 3 JPA repository interfaces.
2023-02-13 00:10:52.588  INFO 20528 --- [restartedMain] o.s.b.w.embedded.tomcat.TomcatWebServer  : Tomcat initialized with port(s): 9090 (http)
2023-02-13 00:10:52.589  INFO 20528 --- [restartedMain] o.apache.catalina.core.StandardService   : Starting service [Tomcat]
2023-02-13 00:10:52.589  INFO 20528 --- [restartedMain] org.apache.catalina.core.StandardEngine  : Starting Servlet engine: [Apache Tomcat/9.0.70]
2023-02-13 00:10:52.650  INFO 20528 --- [restartedMain] o.a.c.c.C.[Tomcat].[localhost].[/]       : Initializing Spring embedded WebApplicationContext
2023-02-13 00:10:52.650  INFO 20528 --- [restartedMain] w.s.c.ServletWebServerApplicationContext : Root WebApplicationContext: initialization completed in 596 ms
2023-02-13 00:10:52.697  INFO 20528 --- [restartedMain] o.hibernate.jpa.internal.util.LogHelper  : HHH000204: Processing PersistenceUnitInfo [name: default]
2023-02-13 00:10:52.701  INFO 20528 --- [restartedMain] com.zaxxer.hikari.HikariDataSource       : HikariPool-12 - Starting...
2023-02-13 00:10:52.705  INFO 20528 --- [restartedMain] com.zaxxer.hikari.HikariDataSource       : HikariPool-12 - Start completed.
2023-02-13 00:10:52.705  INFO 20528 --- [restartedMain] org.hibernate.dialect.Dialect            : HHH000400: Using dialect: org.hibernate.dialect.MySQL5InnoDBDialect
2023-02-13 00:10:52.767  INFO 20528 --- [restartedMain] o.h.e.t.j.p.i.JtaPlatformInitiator       : HHH000490: Using JtaPlatform implementation: [org.hibernate.engine.transaction.jta.platform.internal.NoJtaPlatform]
2023-02-13 00:10:52.768  INFO 20528 --- [restartedMain] j.LocalContainerEntityManagerFactoryBean : Initialized JPA EntityManagerFactory for persistence unit 'default'
2023-02-13 00:10:52.956  WARN 20528 --- [restartedMain] JpaBaseConfiguration$JpaWebConfiguration : spring.jpa.open-in-view is enabled by default. Therefore, database queries may be performed during view rendering. Explicitly configure spring.jpa.open-in-view to disable this warning
2023-02-13 00:10:53.030  INFO 20528 --- [restartedMain] o.s.b.d.a.OptionalLiveReloadServer       : LiveReload server is running on port 35729
2023-02-13 00:10:53.104  INFO 20528 --- [restartedMain] o.s.b.w.embedded.tomcat.TomcatWebServer  : Tomcat started on port(s): 9090 (http) with context path ''
2023-02-13 00:10:53.104  INFO 20528 --- [restartedMain] d.s.w.p.DocumentationPluginsBootstrapper : Context refreshed
2023-02-13 00:10:53.105  INFO 20528 --- [restartedMain] d.s.w.p.DocumentationPluginsBootstrapper : Found 1 custom documentation plugin(s)
2023-02-13 00:10:53.108  INFO 20528 --- [restartedMain] s.d.s.w.s.ApiListingReferenceScanner     : Scanning for api listing references
2023-02-13 00:10:53.160  INFO 20528 --- [restartedMain] com.mohit.blog.BlogAppApiApplication     : Started BlogAppApiApplication in 1.152 seconds (JVM running for 1729.281)
2023-02-13 00:10:53.161  INFO 20528 --- [restartedMain] .ConditionEvaluationDeltaLoggingListener : Condition evaluation unchanged
2023-02-13 00:11:58.431  INFO 20528 --- [File Watcher] rtingClassPathChangeChangedEventListener : Restarting due to 1 class path change (0 additions, 0 deletions, 1 modification)
2023-02-13 00:11:58.453  INFO 20528 --- [Thread-47] o.apache.catalina.core.StandardService   : Stopping service [Tomcat]
2023-02-13 00:11:58.457  INFO 20528 --- [Thread-47] j.LocalContainerEntityManagerFactoryBean : Closing JPA EntityManagerFactory for persistence unit 'default'
2023-02-13 00:11:58.458  INFO 20528 --- [Thread-47] com.zaxxer.hikari.HikariDataSource       : HikariPool-12 - Shutdown initiated...
2023-02-13 00:11:58.459  INFO 20528 --- [Thread-47] com.zaxxer.hikari.HikariDataSource       : HikariPool-12 - Shutdown completed.
2023-02-13 00:11:58.541  INFO 20528 --- [restartedMain] com.mohit.blog.BlogAppApiApplication     : Starting BlogAppApiApplication using Java 17.0.4 on MohitSindhpure with PID 20528 (G:\classbikkad\MiniProjectClass\blog-app-api\target\classes started by hp in G:\classbikkad\MiniProjectClass\blog-app-api)
2023-02-13 00:11:58.541  INFO 20528 --- [restartedMain] com.mohit.blog.BlogAppApiApplication     : No active profile set, falling back to 1 default profile: "default"
2023-02-13 00:11:59.021  INFO 20528 --- [restartedMain] .s.d.r.c.RepositoryConfigurationDelegate : Bootstrapping Spring Data JPA repositories in DEFAULT mode.
2023-02-13 00:11:59.048  INFO 20528 --- [restartedMain] .s.d.r.c.RepositoryConfigurationDelegate : Finished Spring Data repository scanning in 26 ms. Found 3 JPA repository interfaces.
2023-02-13 00:11:59.145  INFO 20528 --- [restartedMain] o.s.b.w.embedded.tomcat.TomcatWebServer  : Tomcat initialized with port(s): 9090 (http)
2023-02-13 00:11:59.145  INFO 20528 --- [restartedMain] o.apache.catalina.core.StandardService   : Starting service [Tomcat]
2023-02-13 00:11:59.145  INFO 20528 --- [restartedMain] org.apache.catalina.core.StandardEngine  : Starting Servlet engine: [Apache Tomcat/9.0.70]
2023-02-13 00:11:59.172  INFO 20528 --- [restartedMain] o.a.c.c.C.[Tomcat].[localhost].[/]       : Initializing Spring embedded WebApplicationContext
2023-02-13 00:11:59.172  INFO 20528 --- [restartedMain] w.s.c.ServletWebServerApplicationContext : Root WebApplicationContext: initialization completed in 629 ms
2023-02-13 00:11:59.207  INFO 20528 --- [restartedMain] o.hibernate.jpa.internal.util.LogHelper  : HHH000204: Processing PersistenceUnitInfo [name: default]
2023-02-13 00:11:59.211  INFO 20528 --- [restartedMain] com.zaxxer.hikari.HikariDataSource       : HikariPool-13 - Starting...
2023-02-13 00:11:59.403  INFO 20528 --- [restartedMain] com.zaxxer.hikari.HikariDataSource       : HikariPool-13 - Start completed.
2023-02-13 00:11:59.404  INFO 20528 --- [restartedMain] org.hibernate.dialect.Dialect            : HHH000400: Using dialect: org.hibernate.dialect.MySQL5InnoDBDialect
2023-02-13 00:12:00.265  INFO 20528 --- [restartedMain] o.h.e.t.j.p.i.JtaPlatformInitiator       : HHH000490: Using JtaPlatform implementation: [org.hibernate.engine.transaction.jta.platform.internal.NoJtaPlatform]
2023-02-13 00:12:00.265  INFO 20528 --- [restartedMain] j.LocalContainerEntityManagerFactoryBean : Initialized JPA EntityManagerFactory for persistence unit 'default'
2023-02-13 00:12:00.455  WARN 20528 --- [restartedMain] JpaBaseConfiguration$JpaWebConfiguration : spring.jpa.open-in-view is enabled by default. Therefore, database queries may be performed during view rendering. Explicitly configure spring.jpa.open-in-view to disable this warning
2023-02-13 00:12:00.527  INFO 20528 --- [restartedMain] o.s.b.d.a.OptionalLiveReloadServer       : LiveReload server is running on port 35729
2023-02-13 00:12:00.602  INFO 20528 --- [restartedMain] o.s.b.w.embedded.tomcat.TomcatWebServer  : Tomcat started on port(s): 9090 (http) with context path ''
2023-02-13 00:12:00.602  INFO 20528 --- [restartedMain] d.s.w.p.DocumentationPluginsBootstrapper : Context refreshed
2023-02-13 00:12:00.603  INFO 20528 --- [restartedMain] d.s.w.p.DocumentationPluginsBootstrapper : Found 1 custom documentation plugin(s)
2023-02-13 00:12:00.607  INFO 20528 --- [restartedMain] s.d.s.w.s.ApiListingReferenceScanner     : Scanning for api listing references
2023-02-13 00:12:00.678  INFO 20528 --- [restartedMain] com.mohit.blog.BlogAppApiApplication     : Started BlogAppApiApplication in 2.164 seconds (JVM running for 1796.798)
2023-02-13 00:12:00.680  INFO 20528 --- [restartedMain] .ConditionEvaluationDeltaLoggingListener : Condition evaluation unchanged
2023-02-13 00:14:04.290  INFO 20528 --- [File Watcher] rtingClassPathChangeChangedEventListener : Restarting due to 1 class path change (0 additions, 0 deletions, 1 modification)
2023-02-13 00:14:04.318  INFO 20528 --- [Thread-51] o.apache.catalina.core.StandardService   : Stopping service [Tomcat]
2023-02-13 00:14:04.326  INFO 20528 --- [Thread-51] j.LocalContainerEntityManagerFactoryBean : Closing JPA EntityManagerFactory for persistence unit 'default'
2023-02-13 00:14:04.327  INFO 20528 --- [Thread-51] com.zaxxer.hikari.HikariDataSource       : HikariPool-13 - Shutdown initiated...
2023-02-13 00:14:04.330  INFO 20528 --- [Thread-51] com.zaxxer.hikari.HikariDataSource       : HikariPool-13 - Shutdown completed.
2023-02-13 00:14:04.432  INFO 20528 --- [restartedMain] com.mohit.blog.BlogAppApiApplication     : Starting BlogAppApiApplication using Java 17.0.4 on MohitSindhpure with PID 20528 (G:\classbikkad\MiniProjectClass\blog-app-api\target\classes started by hp in G:\classbikkad\MiniProjectClass\blog-app-api)
2023-02-13 00:14:04.432  INFO 20528 --- [restartedMain] com.mohit.blog.BlogAppApiApplication     : No active profile set, falling back to 1 default profile: "default"
2023-02-13 00:14:04.721  INFO 20528 --- [restartedMain] .s.d.r.c.RepositoryConfigurationDelegate : Bootstrapping Spring Data JPA repositories in DEFAULT mode.
2023-02-13 00:14:04.738  INFO 20528 --- [restartedMain] .s.d.r.c.RepositoryConfigurationDelegate : Finished Spring Data repository scanning in 16 ms. Found 3 JPA repository interfaces.
2023-02-13 00:14:04.816  INFO 20528 --- [restartedMain] o.s.b.w.embedded.tomcat.TomcatWebServer  : Tomcat initialized with port(s): 9090 (http)
2023-02-13 00:14:04.816  INFO 20528 --- [restartedMain] o.apache.catalina.core.StandardService   : Starting service [Tomcat]
2023-02-13 00:14:04.816  INFO 20528 --- [restartedMain] org.apache.catalina.core.StandardEngine  : Starting Servlet engine: [Apache Tomcat/9.0.70]
2023-02-13 00:14:04.859  INFO 20528 --- [restartedMain] o.a.c.c.C.[Tomcat].[localhost].[/]       : Initializing Spring embedded WebApplicationContext
2023-02-13 00:14:04.859  INFO 20528 --- [restartedMain] w.s.c.ServletWebServerApplicationContext : Root WebApplicationContext: initialization completed in 424 ms
2023-02-13 00:14:04.892  INFO 20528 --- [restartedMain] o.hibernate.jpa.internal.util.LogHelper  : HHH000204: Processing PersistenceUnitInfo [name: default]
2023-02-13 00:14:04.896  INFO 20528 --- [restartedMain] com.zaxxer.hikari.HikariDataSource       : HikariPool-14 - Starting...
2023-02-13 00:14:04.900  INFO 20528 --- [restartedMain] com.zaxxer.hikari.HikariDataSource       : HikariPool-14 - Start completed.
2023-02-13 00:14:04.900  INFO 20528 --- [restartedMain] org.hibernate.dialect.Dialect            : HHH000400: Using dialect: org.hibernate.dialect.MySQL5InnoDBDialect
2023-02-13 00:14:05.170  INFO 20528 --- [restartedMain] o.h.e.t.j.p.i.JtaPlatformInitiator       : HHH000490: Using JtaPlatform implementation: [org.hibernate.engine.transaction.jta.platform.internal.NoJtaPlatform]
2023-02-13 00:14:05.170  INFO 20528 --- [restartedMain] j.LocalContainerEntityManagerFactoryBean : Initialized JPA EntityManagerFactory for persistence unit 'default'
2023-02-13 00:14:05.305  WARN 20528 --- [restartedMain] JpaBaseConfiguration$JpaWebConfiguration : spring.jpa.open-in-view is enabled by default. Therefore, database queries may be performed during view rendering. Explicitly configure spring.jpa.open-in-view to disable this warning
2023-02-13 00:14:05.364  INFO 20528 --- [restartedMain] o.s.b.d.a.OptionalLiveReloadServer       : LiveReload server is running on port 35729
2023-02-13 00:14:05.423  INFO 20528 --- [restartedMain] o.s.b.w.embedded.tomcat.TomcatWebServer  : Tomcat started on port(s): 9090 (http) with context path ''
2023-02-13 00:14:05.423  INFO 20528 --- [restartedMain] d.s.w.p.DocumentationPluginsBootstrapper : Context refreshed
2023-02-13 00:14:05.424  INFO 20528 --- [restartedMain] d.s.w.p.DocumentationPluginsBootstrapper : Found 1 custom documentation plugin(s)
2023-02-13 00:14:05.426  INFO 20528 --- [restartedMain] s.d.s.w.s.ApiListingReferenceScanner     : Scanning for api listing references
2023-02-13 00:14:05.474  INFO 20528 --- [restartedMain] com.mohit.blog.BlogAppApiApplication     : Started BlogAppApiApplication in 1.075 seconds (JVM running for 1921.595)
2023-02-13 00:14:05.476  INFO 20528 --- [restartedMain] .ConditionEvaluationDeltaLoggingListener : Condition evaluation unchanged
2023-02-13 00:14:23.194  INFO 20528 --- [File Watcher] rtingClassPathChangeChangedEventListener : Restarting due to 1 class path change (0 additions, 0 deletions, 1 modification)
2023-02-13 00:14:23.213  INFO 20528 --- [Thread-55] o.apache.catalina.core.StandardService   : Stopping service [Tomcat]
2023-02-13 00:14:23.218  INFO 20528 --- [Thread-55] j.LocalContainerEntityManagerFactoryBean : Closing JPA EntityManagerFactory for persistence unit 'default'
2023-02-13 00:14:23.218  INFO 20528 --- [Thread-55] com.zaxxer.hikari.HikariDataSource       : HikariPool-14 - Shutdown initiated...
2023-02-13 00:14:23.221  INFO 20528 --- [Thread-55] com.zaxxer.hikari.HikariDataSource       : HikariPool-14 - Shutdown completed.
2023-02-13 00:14:23.311  INFO 20528 --- [restartedMain] com.mohit.blog.BlogAppApiApplication     : Starting BlogAppApiApplication using Java 17.0.4 on MohitSindhpure with PID 20528 (G:\classbikkad\MiniProjectClass\blog-app-api\target\classes started by hp in G:\classbikkad\MiniProjectClass\blog-app-api)
2023-02-13 00:14:23.311  INFO 20528 --- [restartedMain] com.mohit.blog.BlogAppApiApplication     : No active profile set, falling back to 1 default profile: "default"
2023-02-13 00:14:23.687  INFO 20528 --- [restartedMain] .s.d.r.c.RepositoryConfigurationDelegate : Bootstrapping Spring Data JPA repositories in DEFAULT mode.
2023-02-13 00:14:23.723  INFO 20528 --- [restartedMain] .s.d.r.c.RepositoryConfigurationDelegate : Finished Spring Data repository scanning in 35 ms. Found 3 JPA repository interfaces.
2023-02-13 00:14:23.877  INFO 20528 --- [restartedMain] o.s.b.w.embedded.tomcat.TomcatWebServer  : Tomcat initialized with port(s): 9090 (http)
2023-02-13 00:14:23.877  INFO 20528 --- [restartedMain] o.apache.catalina.core.StandardService   : Starting service [Tomcat]
2023-02-13 00:14:23.878  INFO 20528 --- [restartedMain] org.apache.catalina.core.StandardEngine  : Starting Servlet engine: [Apache Tomcat/9.0.70]
2023-02-13 00:14:23.916  INFO 20528 --- [restartedMain] o.a.c.c.C.[Tomcat].[localhost].[/]       : Initializing Spring embedded WebApplicationContext
2023-02-13 00:14:23.916  INFO 20528 --- [restartedMain] w.s.c.ServletWebServerApplicationContext : Root WebApplicationContext: initialization completed in 602 ms
2023-02-13 00:14:23.971  INFO 20528 --- [restartedMain] o.hibernate.jpa.internal.util.LogHelper  : HHH000204: Processing PersistenceUnitInfo [name: default]
2023-02-13 00:14:23.978  INFO 20528 --- [restartedMain] com.zaxxer.hikari.HikariDataSource       : HikariPool-15 - Starting...
2023-02-13 00:14:23.983  INFO 20528 --- [restartedMain] com.zaxxer.hikari.HikariDataSource       : HikariPool-15 - Start completed.
2023-02-13 00:14:23.984  INFO 20528 --- [restartedMain] org.hibernate.dialect.Dialect            : HHH000400: Using dialect: org.hibernate.dialect.MySQL5InnoDBDialect
2023-02-13 00:14:24.094  INFO 20528 --- [restartedMain] o.h.e.t.j.p.i.JtaPlatformInitiator       : HHH000490: Using JtaPlatform implementation: [org.hibernate.engine.transaction.jta.platform.internal.NoJtaPlatform]
2023-02-13 00:14:24.095  INFO 20528 --- [restartedMain] j.LocalContainerEntityManagerFactoryBean : Initialized JPA EntityManagerFactory for persistence unit 'default'
2023-02-13 00:14:24.407  WARN 20528 --- [restartedMain] JpaBaseConfiguration$JpaWebConfiguration : spring.jpa.open-in-view is enabled by default. Therefore, database queries may be performed during view rendering. Explicitly configure spring.jpa.open-in-view to disable this warning
2023-02-13 00:14:24.523  INFO 20528 --- [restartedMain] o.s.b.d.a.OptionalLiveReloadServer       : LiveReload server is running on port 35729
2023-02-13 00:14:24.623  INFO 20528 --- [restartedMain] o.s.b.w.embedded.tomcat.TomcatWebServer  : Tomcat started on port(s): 9090 (http) with context path ''
2023-02-13 00:14:24.624  INFO 20528 --- [restartedMain] d.s.w.p.DocumentationPluginsBootstrapper : Context refreshed
2023-02-13 00:14:24.624  INFO 20528 --- [restartedMain] d.s.w.p.DocumentationPluginsBootstrapper : Found 1 custom documentation plugin(s)
2023-02-13 00:14:24.627  INFO 20528 --- [restartedMain] s.d.s.w.s.ApiListingReferenceScanner     : Scanning for api listing references
2023-02-13 00:14:24.712  INFO 20528 --- [restartedMain] com.mohit.blog.BlogAppApiApplication     : Started BlogAppApiApplication in 1.431 seconds (JVM running for 1940.833)
2023-02-13 00:14:24.715  INFO 20528 --- [restartedMain] .ConditionEvaluationDeltaLoggingListener : Condition evaluation unchanged
2023-02-13 00:15:59.691  INFO 20528 --- [File Watcher] rtingClassPathChangeChangedEventListener : Restarting due to 1 class path change (0 additions, 0 deletions, 1 modification)
2023-02-13 00:15:59.736  INFO 20528 --- [Thread-59] o.apache.catalina.core.StandardService   : Stopping service [Tomcat]
2023-02-13 00:15:59.752  INFO 20528 --- [Thread-59] j.LocalContainerEntityManagerFactoryBean : Closing JPA EntityManagerFactory for persistence unit 'default'
2023-02-13 00:15:59.754  INFO 20528 --- [Thread-59] com.zaxxer.hikari.HikariDataSource       : HikariPool-15 - Shutdown initiated...
2023-02-13 00:15:59.761  INFO 20528 --- [Thread-59] com.zaxxer.hikari.HikariDataSource       : HikariPool-15 - Shutdown completed.
2023-02-13 00:15:59.930  INFO 20528 --- [restartedMain] com.mohit.blog.BlogAppApiApplication     : Starting BlogAppApiApplication using Java 17.0.4 on MohitSindhpure with PID 20528 (G:\classbikkad\MiniProjectClass\blog-app-api\target\classes started by hp in G:\classbikkad\MiniProjectClass\blog-app-api)
2023-02-13 00:15:59.930  INFO 20528 --- [restartedMain] com.mohit.blog.BlogAppApiApplication     : No active profile set, falling back to 1 default profile: "default"
2023-02-13 00:16:00.432  INFO 20528 --- [restartedMain] .s.d.r.c.RepositoryConfigurationDelegate : Bootstrapping Spring Data JPA repositories in DEFAULT mode.
2023-02-13 00:16:00.448  INFO 20528 --- [restartedMain] .s.d.r.c.RepositoryConfigurationDelegate : Finished Spring Data repository scanning in 16 ms. Found 3 JPA repository interfaces.
2023-02-13 00:16:00.537  INFO 20528 --- [restartedMain] o.s.b.w.embedded.tomcat.TomcatWebServer  : Tomcat initialized with port(s): 9090 (http)
2023-02-13 00:16:00.537  INFO 20528 --- [restartedMain] o.apache.catalina.core.StandardService   : Starting service [Tomcat]
2023-02-13 00:16:00.537  INFO 20528 --- [restartedMain] org.apache.catalina.core.StandardEngine  : Starting Servlet engine: [Apache Tomcat/9.0.70]
2023-02-13 00:16:00.575  INFO 20528 --- [restartedMain] o.a.c.c.C.[Tomcat].[localhost].[/]       : Initializing Spring embedded WebApplicationContext
2023-02-13 00:16:00.575  INFO 20528 --- [restartedMain] w.s.c.ServletWebServerApplicationContext : Root WebApplicationContext: initialization completed in 643 ms
2023-02-13 00:16:00.607  INFO 20528 --- [restartedMain] o.hibernate.jpa.internal.util.LogHelper  : HHH000204: Processing PersistenceUnitInfo [name: default]
2023-02-13 00:16:00.613  INFO 20528 --- [restartedMain] com.zaxxer.hikari.HikariDataSource       : HikariPool-16 - Starting...
2023-02-13 00:16:00.646  INFO 20528 --- [restartedMain] com.zaxxer.hikari.HikariDataSource       : HikariPool-16 - Start completed.
2023-02-13 00:16:00.647  INFO 20528 --- [restartedMain] org.hibernate.dialect.Dialect            : HHH000400: Using dialect: org.hibernate.dialect.MySQL5InnoDBDialect
2023-02-13 00:16:00.802  INFO 20528 --- [restartedMain] o.h.e.t.j.p.i.JtaPlatformInitiator       : HHH000490: Using JtaPlatform implementation: [org.hibernate.engine.transaction.jta.platform.internal.NoJtaPlatform]
2023-02-13 00:16:00.802  INFO 20528 --- [restartedMain] j.LocalContainerEntityManagerFactoryBean : Initialized JPA EntityManagerFactory for persistence unit 'default'
2023-02-13 00:16:01.020  WARN 20528 --- [restartedMain] JpaBaseConfiguration$JpaWebConfiguration : spring.jpa.open-in-view is enabled by default. Therefore, database queries may be performed during view rendering. Explicitly configure spring.jpa.open-in-view to disable this warning
2023-02-13 00:16:01.183  INFO 20528 --- [restartedMain] o.s.b.d.a.OptionalLiveReloadServer       : LiveReload server is running on port 35729
2023-02-13 00:16:01.271  INFO 20528 --- [restartedMain] o.s.b.w.embedded.tomcat.TomcatWebServer  : Tomcat started on port(s): 9090 (http) with context path ''
2023-02-13 00:16:01.272  INFO 20528 --- [restartedMain] d.s.w.p.DocumentationPluginsBootstrapper : Context refreshed
2023-02-13 00:16:01.272  INFO 20528 --- [restartedMain] d.s.w.p.DocumentationPluginsBootstrapper : Found 1 custom documentation plugin(s)
2023-02-13 00:16:01.277  INFO 20528 --- [restartedMain] s.d.s.w.s.ApiListingReferenceScanner     : Scanning for api listing references
2023-02-13 00:16:01.393  INFO 20528 --- [restartedMain] com.mohit.blog.BlogAppApiApplication     : Started BlogAppApiApplication in 1.512 seconds (JVM running for 2037.514)
2023-02-13 00:16:01.397  INFO 20528 --- [restartedMain] .ConditionEvaluationDeltaLoggingListener : Condition evaluation unchanged
2023-02-13 00:16:24.128  INFO 20528 --- [File Watcher] rtingClassPathChangeChangedEventListener : Restarting due to 1 class path change (0 additions, 0 deletions, 1 modification)
2023-02-13 00:16:24.166  INFO 20528 --- [Thread-63] o.apache.catalina.core.StandardService   : Stopping service [Tomcat]
2023-02-13 00:16:24.177  INFO 20528 --- [Thread-63] j.LocalContainerEntityManagerFactoryBean : Closing JPA EntityManagerFactory for persistence unit 'default'
2023-02-13 00:16:24.178  INFO 20528 --- [Thread-63] com.zaxxer.hikari.HikariDataSource       : HikariPool-16 - Shutdown initiated...
2023-02-13 00:16:24.181  INFO 20528 --- [Thread-63] com.zaxxer.hikari.HikariDataSource       : HikariPool-16 - Shutdown completed.
2023-02-13 00:16:24.321  INFO 20528 --- [restartedMain] com.mohit.blog.BlogAppApiApplication     : Starting BlogAppApiApplication using Java 17.0.4 on MohitSindhpure with PID 20528 (G:\classbikkad\MiniProjectClass\blog-app-api\target\classes started by hp in G:\classbikkad\MiniProjectClass\blog-app-api)
2023-02-13 00:16:24.322  INFO 20528 --- [restartedMain] com.mohit.blog.BlogAppApiApplication     : No active profile set, falling back to 1 default profile: "default"
2023-02-13 00:16:24.712  INFO 20528 --- [restartedMain] .s.d.r.c.RepositoryConfigurationDelegate : Bootstrapping Spring Data JPA repositories in DEFAULT mode.
2023-02-13 00:16:24.731  INFO 20528 --- [restartedMain] .s.d.r.c.RepositoryConfigurationDelegate : Finished Spring Data repository scanning in 18 ms. Found 3 JPA repository interfaces.
2023-02-13 00:16:24.885  INFO 20528 --- [restartedMain] o.s.b.w.embedded.tomcat.TomcatWebServer  : Tomcat initialized with port(s): 9090 (http)
2023-02-13 00:16:24.886  INFO 20528 --- [restartedMain] o.apache.catalina.core.StandardService   : Starting service [Tomcat]
2023-02-13 00:16:24.887  INFO 20528 --- [restartedMain] org.apache.catalina.core.StandardEngine  : Starting Servlet engine: [Apache Tomcat/9.0.70]
2023-02-13 00:16:24.941  INFO 20528 --- [restartedMain] o.a.c.c.C.[Tomcat].[localhost].[/]       : Initializing Spring embedded WebApplicationContext
2023-02-13 00:16:24.941  INFO 20528 --- [restartedMain] w.s.c.ServletWebServerApplicationContext : Root WebApplicationContext: initialization completed in 616 ms
2023-02-13 00:16:25.017  INFO 20528 --- [restartedMain] o.hibernate.jpa.internal.util.LogHelper  : HHH000204: Processing PersistenceUnitInfo [name: default]
2023-02-13 00:16:25.027  INFO 20528 --- [restartedMain] com.zaxxer.hikari.HikariDataSource       : HikariPool-17 - Starting...
2023-02-13 00:16:25.034  INFO 20528 --- [restartedMain] com.zaxxer.hikari.HikariDataSource       : HikariPool-17 - Start completed.
2023-02-13 00:16:25.034  INFO 20528 --- [restartedMain] org.hibernate.dialect.Dialect            : HHH000400: Using dialect: org.hibernate.dialect.MySQL5InnoDBDialect
2023-02-13 00:16:25.180  INFO 20528 --- [restartedMain] o.h.e.t.j.p.i.JtaPlatformInitiator       : HHH000490: Using JtaPlatform implementation: [org.hibernate.engine.transaction.jta.platform.internal.NoJtaPlatform]
2023-02-13 00:16:25.180  INFO 20528 --- [restartedMain] j.LocalContainerEntityManagerFactoryBean : Initialized JPA EntityManagerFactory for persistence unit 'default'
2023-02-13 00:16:25.509  WARN 20528 --- [restartedMain] JpaBaseConfiguration$JpaWebConfiguration : spring.jpa.open-in-view is enabled by default. Therefore, database queries may be performed during view rendering. Explicitly configure spring.jpa.open-in-view to disable this warning
2023-02-13 00:16:25.599  INFO 20528 --- [restartedMain] o.s.b.d.a.OptionalLiveReloadServer       : LiveReload server is running on port 35729
2023-02-13 00:16:25.644  INFO 20528 --- [restartedMain] o.s.b.w.embedded.tomcat.TomcatWebServer  : Tomcat started on port(s): 9090 (http) with context path ''
2023-02-13 00:16:25.644  INFO 20528 --- [restartedMain] d.s.w.p.DocumentationPluginsBootstrapper : Context refreshed
2023-02-13 00:16:25.645  INFO 20528 --- [restartedMain] d.s.w.p.DocumentationPluginsBootstrapper : Found 1 custom documentation plugin(s)
2023-02-13 00:16:25.647  INFO 20528 --- [restartedMain] s.d.s.w.s.ApiListingReferenceScanner     : Scanning for api listing references
2023-02-13 00:16:25.697  INFO 20528 --- [restartedMain] com.mohit.blog.BlogAppApiApplication     : Started BlogAppApiApplication in 1.415 seconds (JVM running for 2061.817)
2023-02-13 00:16:25.698  INFO 20528 --- [restartedMain] .ConditionEvaluationDeltaLoggingListener : Condition evaluation unchanged
2023-02-13 00:16:38.994  INFO 20528 --- [RMI TCP Connection(39)-127.0.0.1] inMXBeanRegistrar$SpringApplicationAdmin : Application shutdown requested.
2023-02-13 00:16:39.020  INFO 20528 --- [RMI TCP Connection(39)-127.0.0.1] o.apache.catalina.core.StandardService   : Stopping service [Tomcat]
2023-02-13 00:16:39.028  INFO 20528 --- [RMI TCP Connection(39)-127.0.0.1] j.LocalContainerEntityManagerFactoryBean : Closing JPA EntityManagerFactory for persistence unit 'default'
2023-02-13 00:16:39.029  INFO 20528 --- [RMI TCP Connection(39)-127.0.0.1] com.zaxxer.hikari.HikariDataSource       : HikariPool-17 - Shutdown initiated...
2023-02-13 00:16:39.031  INFO 20528 --- [RMI TCP Connection(39)-127.0.0.1] com.zaxxer.hikari.HikariDataSource       : HikariPool-17 - Shutdown completed.
